  Apple.cpp
  BackGround.cpp
  Camera.cpp
  Dust.cpp
  Enemy.cpp
  Fannings.cpp
  Game.cpp
  GamePlay.cpp
  Item.cpp
  Main.cpp
  Over.cpp
  Player.cpp
c:\github\teamproject\android\android1\android1.nativeactivity\player.cpp(52): warning C4244: '引数': 'float' から 'int' への変換です。データが失われる可能性があります。
c:\github\teamproject\android\android1\android1.nativeactivity\player.cpp(47): warning C4101: 'y': ローカル変数は 1 度も使われていません。
c:\github\teamproject\android\android1\android1.nativeactivity\player.cpp(47): warning C4101: 'x': ローカル変数は 1 度も使われていません。
c:\github\teamproject\android\android1\android1.nativeactivity\player.cpp(64): warning C4244: '=': 'double' から 'int' への変換です。データが失われる可能性があります。
c:\github\teamproject\android\android1\android1.nativeactivity\player.cpp(76): warning C4244: '=': 'double' から 'int' への変換です。データが失われる可能性があります。
c:\github\teamproject\android\android1\android1.nativeactivity\player.cpp(81): warning C4244: '+=': 'float' から 'int' への変換です。データが失われる可能性があります。
c:\github\teamproject\android\android1\android1.nativeactivity\player.cpp(82): warning C4244: '+=': 'float' から 'int' への変換です。データが失われる可能性があります。
  Scene.cpp
  Score.cpp
  Title.cpp
  Touch.cpp
  コードを生成中...
  Windows用.vcxproj -> C:\GitHub\TeamProject\Windows用\Debug\Windows用.exe
