  ANDROID_HOME=C:\Program Files (x86)\Android\android-sdk
  ANT_HOME=C:\Program Files (x86)\Microsoft Visual Studio\2017\Professional\Apps\apache-ant-1.9.3
  JAVA_HOME=C:\Program Files\Java\jdk1.8.0_161
  NDK_ROOT=C:\ProgramData\Microsoft\AndroidNDK64\android-ndk-r13b
  Apple.cpp
  BackGround.cpp
  Camera.cpp
  Dust.cpp
Dust.cpp(47,4): warning : '&&' within '||' [-Wlogical-op-parentheses]
                          && p.lock()->GetPos().y - pos.y < 10
                          ^~~~~~~~~~~~~~~~~~~~~~~~~~~~~~~~~~~~
  Dust.cpp(47,4) :  note: place parentheses around the '&&' expression to silence this warning
                          && p.lock()->GetPos().y - pos.y < 10
                          ^
Dust.cpp(49,4): warning : '&&' within '||' [-Wlogical-op-parentheses]
                          && pos.y - p.lock()->GetPos().y < 10
                          ^~~~~~~~~~~~~~~~~~~~~~~~~~~~~~~~~~~~
  Dust.cpp(49,4) :  note: place parentheses around the '&&' expression to silence this warning
                          && pos.y - p.lock()->GetPos().y < 10
                          ^
Dust.cpp(51,4): warning : '&&' within '||' [-Wlogical-op-parentheses]
                          && p.lock()->GetPos().y - pos.y < 10
                          ^~~~~~~~~~~~~~~~~~~~~~~~~~~~~~~~~~~~
  Dust.cpp(51,4) :  note: place parentheses around the '&&' expression to silence this warning
                          && p.lock()->GetPos().y - pos.y < 10
                          ^
Dust.cpp(53,4): warning : '&&' within '||' [-Wlogical-op-parentheses]
                          && pos.y - p.lock()->GetPos().y < 10)
                          ^~~~~~~~~~~~~~~~~~~~~~~~~~~~~~~~~~~~
  Dust.cpp(53,4) :  note: place parentheses around the '&&' expression to silence this warning
                          && pos.y - p.lock()->GetPos().y < 10)
                          ^
Dust.cpp(66,4): warning : '&&' within '||' [-Wlogical-op-parentheses]
                          && p.lock()->GetPos().y - pos.y < 10
                          ^~~~~~~~~~~~~~~~~~~~~~~~~~~~~~~~~~~~
  Dust.cpp(66,4) :  note: place parentheses around the '&&' expression to silence this warning
                          && p.lock()->GetPos().y - pos.y < 10
                          ^
Dust.cpp(68,4): warning : '&&' within '||' [-Wlogical-op-parentheses]
                          && pos.y - p.lock()->GetPos().y < 10
                          ^~~~~~~~~~~~~~~~~~~~~~~~~~~~~~~~~~~~
  Dust.cpp(68,4) :  note: place parentheses around the '&&' expression to silence this warning
                          && pos.y - p.lock()->GetPos().y < 10
                          ^
Dust.cpp(70,4): warning : '&&' within '||' [-Wlogical-op-parentheses]
                          && p.lock()->GetPos().y - pos.y < 10
                          ^~~~~~~~~~~~~~~~~~~~~~~~~~~~~~~~~~~~
  Dust.cpp(70,4) :  note: place parentheses around the '&&' expression to silence this warning
                          && p.lock()->GetPos().y - pos.y < 10
                          ^
Dust.cpp(72,4): warning : '&&' within '||' [-Wlogical-op-parentheses]
                          && pos.y - p.lock()->GetPos().y < 10)
                          ^~~~~~~~~~~~~~~~~~~~~~~~~~~~~~~~~~~~
  Dust.cpp(72,4) :  note: place parentheses around the '&&' expression to silence this warning
                          && pos.y - p.lock()->GetPos().y < 10)
                          ^
  8 warnings generated.
  Enemy.cpp
  Fannings.cpp
  Game.cpp
  GamePlay.cpp
GamePlay.cpp(14,10): warning : suggest braces around initialization of subobject [-Wmissing-braces]
          box = { 0, 0, WINDOW_X, WINDOW_Y };
                  ^~~~
                  {   }
GamePlay.cpp(14,16): warning : suggest braces around initialization of subobject [-Wmissing-braces]
          box = { 0, 0, WINDOW_X, WINDOW_Y };
                        ^~~~~~~~~~~~~~~~~~
                        {                 }
  ./Typedef.h(4,18) :  note: expanded from macro 'WINDOW_X'
  #define WINDOW_X 1920
                   ^
  2 warnings generated.
  Item.cpp
  Main.cpp
  Over.cpp
  Player.cpp
  Scene.cpp
  Score.cpp
  Title.cpp
Title.cpp(12,10): warning : suggest braces around initialization of subobject [-Wmissing-braces]
          box = { -WINDOW_X, 0, WINDOW_X, WINDOW_Y };
                  ^~~~~~~~~~~~
                  {           }
Title.cpp(12,24): warning : suggest braces around initialization of subobject [-Wmissing-braces]
          box = { -WINDOW_X, 0, WINDOW_X, WINDOW_Y };
                                ^~~~~~~~~~~~~~~~~~
                                {                 }
  ./Typedef.h(4,18) :  note: expanded from macro 'WINDOW_X'
  #define WINDOW_X 1920
                   ^
  2 warnings generated.
  Touch.cpp
  Android1.NativeActivity.vcxproj -> C:\Users\1601291\Documents\GitHub\TeamProject\Android\ARM\Debug\libAndroid1.so
